==================================================== test session starts =====================================================
platform linux -- Python 3.10.8, pytest-7.2.0, pluggy-1.0.0
rootdir: /home/jovyan
plugins: anyio-3.6.2
collected 24 items

work/test_read.py Directorio:  ['.profile', '.bash_logout', '.bashrc', '.cache', '.bash_history', '.astropy', '.jupyter', '.local', '.pytest_cache', '.ipython', '.conda', '.config', '.npm', '.wget-hsts', 'work']
.test_read_pandas_1M

RAM ocupada ANTES del test: 
14.1
%

RAM ocupada DESPUÉS del test: 
15.4
%

.test_read_pandas_5M

RAM ocupada ANTES del test: 
14.3
%

RAM ocupada DESPUÉS del test: 
20.9
%

.test_read_pandas_10M

RAM ocupada ANTES del test: 
14.8
%

RAM ocupada DESPUÉS del test: 
27.6
%

.test_read_pandas_25M

RAM ocupada ANTES del test: 
15.7
%

RAM ocupada DESPUÉS del test: 
43.7
%

.test_read_dask_1M

RAM ocupada ANTES del test: 
14.8
%

RAM ocupada DESPUÉS del test: 
14.8
%

.test_read_dask_5M

RAM ocupada ANTES del test: 
14.6
%

RAM ocupada DESPUÉS del test: 
14.6
%

.test_read_dask_10M

RAM ocupada ANTES del test: 
14.5
%

RAM ocupada DESPUÉS del test: 
14.5
%

.test_read_dask_25M

RAM ocupada ANTES del test: 
14.4
%

RAM ocupada DESPUÉS del test: 
14.4
%

.test_read_dask_total

RAM ocupada ANTES del test: 
14.4
%

RAM ocupada DESPUÉS del test: 
14.4
%

.test_read_dask_compute_1M

RAM ocupada ANTES del test: 
14.4
%

RAM ocupada DESPUÉS del test: 
16.7
%

.test_read_dask_compute_5M

RAM ocupada ANTES del test: 
15.8
%

RAM ocupada DESPUÉS del test: 
30.4
%

.test_read_dask_compute_10M

RAM ocupada ANTES del test: 
24.5
%

RAM ocupada DESPUÉS del test: 
47.5
%

.test_read_dask_compute_25M

RAM ocupada ANTES del test: 
34.4
%

RAM ocupada DESPUÉS del test: 
83.6
%

.test_read_vaex_1M

RAM ocupada ANTES del test: 
51.9
%

RAM ocupada DESPUÉS del test: 
52.5
%

.test_read_vaex_5M

RAM ocupada ANTES del test: 
52.3
%

RAM ocupada DESPUÉS del test: 
52.3
%

.test_read_vaex_10M

RAM ocupada ANTES del test: 
52.0
%

RAM ocupada DESPUÉS del test: 
52.2
%

.test_read_vaex_25M

RAM ocupada ANTES del test: 
52.3
%

RAM ocupada DESPUÉS del test: 
52.4
%

.test_read_vaex_total

RAM ocupada ANTES del test: 
52.2
%

RAM ocupada DESPUÉS del test: 
52.2
%

.23/01/17 12:58:17 WARN NativeCodeLoader: Unable to load native-hadoop library for your platform... using builtin-java classes where applicable
test_read_pyspark_1M

RAM ocupada ANTES del test: 
52.2
%

RAM ocupada DESPUÉS del test: 
55.7
%

.test_read_pyspark_5M

RAM ocupada ANTES del test: 
55.8
%

RAM ocupada DESPUÉS del test: 
56.1
%

.test_read_pyspark_10M

RAM ocupada ANTES del test: 
56.1
%

RAM ocupada DESPUÉS del test: 
56.3
%

.test_read_pyspark_25M

RAM ocupada ANTES del test: 
56.4
%

RAM ocupada DESPUÉS del test: 
56.8
%

.test_read_pyspark_total

RAM ocupada ANTES del test: 
56.8
%

RAM ocupada DESPUÉS del test: 
58.5
%

.

====================================================== warnings summary ======================================================
work/test_read.py::Test::test_read_vaex_1M
  <frozen importlib._bootstrap>:241: RuntimeWarning: numpy.ndarray size changed, may indicate binary incompatibility. Expected 88 from C header, got 96 from PyObject

work/test_read.py::Test::test_read_pyspark_1M
work/test_read.py::Test::test_read_pyspark_5M
work/test_read.py::Test::test_read_pyspark_10M
work/test_read.py::Test::test_read_pyspark_25M
work/test_read.py::Test::test_read_pyspark_total
  /usr/local/spark/python/pyspark/sql/context.py:112: FutureWarning: Deprecated in 3.0.0. Use SparkSession.builder.getOrCreate() instead.
    warnings.warn(

-- Docs: https://docs.pytest.org/en/stable/how-to/capture-warnings.html
===================================================== slowest durations ======================================================
250.59s call     work/test_read.py::Test::test_read_vaex_total
82.13s call     work/test_read.py::Test::test_read_pandas_25M
61.93s call     work/test_read.py::Test::test_read_vaex_25M
36.89s call     work/test_read.py::Test::test_read_dask_compute_25M
26.39s call     work/test_read.py::Test::test_read_pandas_10M
24.23s call     work/test_read.py::Test::test_read_vaex_10M
16.03s call     work/test_read.py::Test::test_read_dask_compute_10M
12.46s call     work/test_read.py::Test::test_read_pandas_5M
12.06s call     work/test_read.py::Test::test_read_vaex_5M
9.32s call     work/test_read.py::Test::test_read_pyspark_1M
7.80s call     work/test_read.py::Test::test_read_dask_compute_5M
6.57s call     work/test_read.py::Test::test_read_vaex_1M
4.11s call     work/test_read.py::Test::test_read_dask_1M
2.50s call     work/test_read.py::Test::test_read_pandas_1M
1.95s call     work/test_read.py::Test::test_read_dask_compute_1M
0.41s call     work/test_read.py::Test::test_read_pyspark_25M
0.40s call     work/test_read.py::Test::test_read_pyspark_5M
0.34s call     work/test_read.py::Test::test_read_pyspark_10M
0.31s call     work/test_read.py::Test::test_read_pyspark_total
0.15s call     work/test_read.py::Test::test_read_dask_total
0.08s call     work/test_read.py::Test::test_read_dask_5M
0.08s call     work/test_read.py::Test::test_read_dask_10M
0.08s call     work/test_read.py::Test::test_read_dask_25M
0.03s teardown work/test_read.py::Test::test_read_pandas_25M
0.02s teardown work/test_read.py::Test::test_read_dask_compute_25M
0.01s setup    work/test_read.py::Test::test_read_dask_1M
0.01s setup    work/test_read.py::Test::test_read_vaex_1M

(45 durations < 0.005s hidden.  Use -vv to show these durations.)
========================================= 24 passed, 6 warnings in 560.24s (0:09:20) =========================================
