========================================================= test session starts ==========================================================
platform linux -- Python 3.10.8, pytest-7.2.0, pluggy-1.0.0
rootdir: /home/jovyan
plugins: anyio-3.6.2
collected 2 items

work/test_rfm_pandas.py Directorio:  ['.profile', '.bash_logout', '.bashrc', '.cache', '.bash_history', '.astropy', '.jupyter', '.local', '.pytest_cache', '.ipython', '.conda', '.config', '.npm', '.wget-hsts', 'work']
.test_rfm_pandas

RAM ocupada ANTES del test: 
25.1
%
1
61
1
319
0.77
344153.29
Percentil 98: 10.0
Percentil 2: 18.02
Percentil 98: 3538.613599999993
<class 'pandas.core.frame.DataFrame'>
RangeIndex: 658026 entries, 0 to 658025
Data columns (total 4 columns):
 #   Column     Non-Null Count   Dtype  
---  ------     --------------   -----  
 0   user_id    658026 non-null  int64  
 1   Recency    658026 non-null  int64  
 2   Frequency  658026 non-null  int64  
 3   Monetary   658026 non-null  float64
dtypes: float64(1), int64(3)
memory usage: 20.1 MB

RAM ocupada DESPUÉS del test: 
29.1
%

.

========================================================== slowest durations ===========================================================
10.76s call     work/test_rfm_pandas.py::Test::test_rfm_pandas

(5 durations < 0.005s hidden.  Use -vv to show these durations.)
========================================================== 2 passed in 11.73s ==========================================================
