========================================================= test session starts ==========================================================
platform linux -- Python 3.10.8, pytest-7.2.0, pluggy-1.0.0
rootdir: /home/jovyan
plugins: anyio-3.6.2
collected 2 items

work/test_rfm_dask.py Directorio:  ['.profile', '.bash_logout', '.bashrc', '.cache', '.bash_history', '.astropy', '.jupyter', '.local', '.pytest_cache', '.ipython', '.conda', '.config', '.npm', '.wget-hsts', 'work']
.test_rfm_dask

RAM ocupada ANTES del test: 
28.8
%
dd.Scalar<series-..., dtype=int64>
dd.Scalar<series-..., dtype=int64>
dd.Scalar<series-..., dtype=int64>
dd.Scalar<series-..., dtype=int64>
dd.Scalar<series-..., dtype=float64>
dd.Scalar<series-..., dtype=float64>
Percentil 98: dd.Scalar<quantil..., dtype=float64>
Percentil 2: dd.Scalar<quantil..., dtype=float64>
Percentil 98: dd.Scalar<quantil..., dtype=float64>

RAM ocupada DESPUÉS del test: 
36.7
%

.

=========================================================== warnings summary ===========================================================
work/test_rfm_dask.py::Test::test_rfm_dask
  /opt/conda/lib/python3.10/site-packages/dask/dataframe/core.py:4134: UserWarning: 
  You did not provide metadata, so Dask is running your function on a small dataset to guess output types. It is possible that Dask will guess incorrectly.
  To provide an explicit output types or to silence this message, please provide the `meta=` keyword, as described in the map or apply function that you are using.
    Before: .apply(func)
    After:  .apply(func, meta=('event_time', 'timedelta64[ns]'))
  
    warnings.warn(meta_warning(meta))

-- Docs: https://docs.pytest.org/en/stable/how-to/capture-warnings.html
========================================================== slowest durations ===========================================================
258.90s call     work/test_rfm_dask.py::Test::test_rfm_dask

(5 durations < 0.005s hidden.  Use -vv to show these durations.)
=============================================== 2 passed, 1 warning in 260.00s (0:04:20) ===============================================
