===================================================== test session starts =====================================================
platform linux -- Python 3.10.8, pytest-7.2.0, pluggy-1.0.0
rootdir: /home/jovyan
plugins: anyio-3.6.2
collected 5 items

work/test_dask_compute.py Directorio:  ['.profile', '.bash_logout', '.bashrc', '.cache', '.bash_history', '.astropy', '.jupyter', '.local', '.pytest_cache', '.ipython', '.conda', '.config', '.npm', '.wget-hsts', 'work']
.del_column_dask_compute_1M

RAM ocupada ANTES del test: 
12.8
%

RAM ocupada DESPUÉS del test: 
14.8
%

.del_column_dask_compute_5M

RAM ocupada ANTES del test: 
13.7
%

RAM ocupada DESPUÉS del test: 
30.8
%

.del_column_dask_compute_10M

RAM ocupada ANTES del test: 
25.5
%

RAM ocupada DESPUÉS del test: 
46.3
%

.del_column_dask_compute_25M

RAM ocupada ANTES del test: 
36.0
%

RAM ocupada DESPUÉS del test: 
72.7
%

.

====================================================== slowest durations ======================================================
32.31s call     work/test_dask_compute.py::Test::test_del_column_dask_compute_25M
13.37s call     work/test_dask_compute.py::Test::test_del_column_dask_compute_10M
6.87s call     work/test_dask_compute.py::Test::test_del_column_dask_compute_5M
1.49s call     work/test_dask_compute.py::Test::test_del_column_dask_compute_1M

(11 durations < 0.005s hidden.  Use -vv to show these durations.)
===================================================== 5 passed in 57.03s ======================================================
